<?xml version="1.0" encoding="UTF-8"?>
<!-- Generated by org.testng.reporters.JUnitXMLReporter -->
<testsuite ignored="0" hostname="LAPTOP-0PK1MFJQ" failures="0" tests="4" name="Test" time="0.067" errors="0" timestamp="2024-03-23T18:59:40 EDT">
  <testcase classname="test.Script1" name="test" time="0.007"/>
  <testcase classname="test.Script2" name="test" time="0.001"/>
  <testcase classname="test.Script3" name="test" time="0.001"/>
  <testcase classname="test.Script4" name="tester" time="0.001"/>
</testsuite> <!-- Test -->
