<?xml version="1.0" encoding="UTF-8"?>
<testng-results ignored="0" total="4" passed="4" failed="0" skipped="0">
  <reporter-output>
  </reporter-output>
  <suite started-at="2024-03-23T19:01:08 EDT" name="Suite" finished-at="2024-03-23T19:01:08 EDT" duration-ms="45">
    <groups>
    </groups>
    <test started-at="2024-03-23T19:01:08 EDT" name="Test" finished-at="2024-03-23T19:01:08 EDT" duration-ms="45">
      <class name="test.Script3">
        <test-method signature="test()[pri:0, instance:test.Script3@4b14c583]" started-at="2024-03-23T19:01:08 EDT" name="test" finished-at="2024-03-23T19:01:08 EDT" duration-ms="1" status="PASS">
          <reporter-output>
          </reporter-output>
        </test-method> <!-- test -->
      </class> <!-- test.Script3 -->
      <class name="test.Script4">
        <test-method signature="tester()[pri:0, instance:test.Script4@65466a6a]" started-at="2024-03-23T19:01:08 EDT" name="tester" finished-at="2024-03-23T19:01:08 EDT" duration-ms="0" status="PASS">
          <reporter-output>
          </reporter-output>
        </test-method> <!-- tester -->
      </class> <!-- test.Script4 -->
      <class name="test.Script1">
        <test-method signature="test()[pri:0, instance:test.Script1@4b5a5ed1]" started-at="2024-03-23T19:01:08 EDT" name="test" finished-at="2024-03-23T19:01:08 EDT" duration-ms="5" status="PASS">
          <reporter-output>
          </reporter-output>
        </test-method> <!-- test -->
      </class> <!-- test.Script1 -->
      <class name="test.Script2">
        <test-method signature="test()[pri:0, instance:test.Script2@5c909414]" started-at="2024-03-23T19:01:08 EDT" name="test" finished-at="2024-03-23T19:01:08 EDT" duration-ms="1" status="PASS">
          <reporter-output>
          </reporter-output>
        </test-method> <!-- test -->
      </class> <!-- test.Script2 -->
    </test> <!-- Test -->
  </suite> <!-- Suite -->
</testng-results>
