<?xml version="1.0" encoding="UTF-8"?>
<testng-results ignored="0" total="3" passed="3" failed="0" skipped="0">
  <reporter-output>
  </reporter-output>
  <suite started-at="2024-03-21T20:05:50 EDT" name="Suite" finished-at="2024-03-21T20:05:50 EDT" duration-ms="34">
    <groups>
    </groups>
    <test started-at="2024-03-21T20:05:50 EDT" name="Test" finished-at="2024-03-21T20:05:50 EDT" duration-ms="34">
      <class name="test.Script3">
        <test-method signature="test()[pri:0, instance:test.Script3@5cee5251]" started-at="2024-03-21T20:05:50 EDT" name="test" finished-at="2024-03-21T20:05:50 EDT" duration-ms="0" status="PASS">
          <reporter-output>
          </reporter-output>
        </test-method> <!-- test -->
      </class> <!-- test.Script3 -->
      <class name="test.Script1">
        <test-method signature="test()[pri:0, instance:test.Script1@1ed1993a]" started-at="2024-03-21T20:05:50 EDT" name="test" finished-at="2024-03-21T20:05:50 EDT" duration-ms="16" status="PASS">
          <reporter-output>
          </reporter-output>
        </test-method> <!-- test -->
      </class> <!-- test.Script1 -->
      <class name="test.Script2">
        <test-method signature="test()[pri:0, instance:test.Script2@7adda9cc]" started-at="2024-03-21T20:05:50 EDT" name="test" finished-at="2024-03-21T20:05:50 EDT" duration-ms="0" status="PASS">
          <reporter-output>
          </reporter-output>
        </test-method> <!-- test -->
      </class> <!-- test.Script2 -->
    </test> <!-- Test -->
  </suite> <!-- Suite -->
</testng-results>
